<?xml version="1.0" encoding="UTF-8"?>
<testsuite xmlns:xsi="http://www.w3.org/2001/XMLSchema-instance" xsi:noNamespaceSchemaLocation="https://maven.apache.org/surefire/maven-surefire-plugin/xsd/surefire-test-report-3.0.xsd" version="3.0" name="com.flow.engine.FlowEngineTest" time="0.212" tests="7" errors="0" skipped="0" failures="0">
  <properties>
[...]
</properties>
  <testcase name="contextVariablesAreSharedBetweenNodes" classname="com.flow.engine.FlowEngineTest" time="0.163">
    <system-out><![CDATA[02:26:13.079 [main] INFO com.flow.engine.service.FlowEngine -- FlowEngine initialized with 5 handler(s): [condition, task, log, start, end]
02:26:13.115 [main] INFO com.flow.engine.service.FlowEngine -- ▶ Starting flow 'ctx-test' (start node: 'a')
02:26:13.115 [main] INFO com.flow.engine.handler.TaskNodeHandler -- [Task] Executing node 'a' (A)
02:26:13.116 [main] INFO com.flow.engine.handler.LogNodeHandler -- [Log] b: hello world
02:26:13.116 [main] INFO com.flow.engine.handler.EndNodeHandler -- [End] Flow 'ctx-test' ending at node 'c'
02:26:13.116 [main] INFO com.flow.engine.service.FlowEngine -- ✔ Flow 'ctx-test' completed successfully in 3 step(s)
]]></system-out>
  </testcase>
  <testcase name="prePopulatedContextVariablesAreAccessible" classname="com.flow.engine.FlowEngineTest" time="0.005">
    <system-out><![CDATA[02:26:13.123 [main] INFO com.flow.engine.service.FlowEngine -- FlowEngine initialized with 5 handler(s): [condition, task, log, start, end]
02:26:13.127 [main] INFO com.flow.engine.service.FlowEngine -- ▶ Starting flow 'prepop' (start node: 'log')
02:26:13.127 [main] INFO com.flow.engine.handler.LogNodeHandler -- [Log] log: user=U-12345
02:26:13.127 [main] INFO com.flow.engine.handler.EndNodeHandler -- [End] Flow 'prepop' ending at node 'end'
02:26:13.127 [main] INFO com.flow.engine.service.FlowEngine -- ✔ Flow 'prepop' completed successfully in 2 step(s)
]]></system-out>
  </testcase>
  <testcase name="missingNodeReturnsFailure" classname="com.flow.engine.FlowEngineTest" time="0.005">
    <system-out><![CDATA[02:26:13.128 [main] INFO com.flow.engine.service.FlowEngine -- FlowEngine initialized with 5 handler(s): [condition, task, log, start, end]
02:26:13.131 [main] INFO com.flow.engine.service.FlowEngine -- ▶ Starting flow 'bad' (start node: 'a')
02:26:13.131 [main] INFO com.flow.engine.handler.TaskNodeHandler -- [Task] Executing node 'a' (A)
02:26:13.132 [main] ERROR com.flow.engine.service.FlowEngine -- ✘ Flow 'bad' failed at node 'nonexistent': Node not found: 'nonexistent' in flow 'bad'
]]></system-out>
  </testcase>
  <testcase name="executeSimpleFlowFromJsonString" classname="com.flow.engine.FlowEngineTest" time="0.003">
    <system-out><![CDATA[02:26:13.134 [main] INFO com.flow.engine.service.FlowEngine -- FlowEngine initialized with 5 handler(s): [condition, task, log, start, end]
02:26:13.137 [main] INFO com.flow.engine.service.FlowEngine -- ▶ Starting flow 'simple' (start node: 's')
02:26:13.137 [main] INFO com.flow.engine.handler.StartNodeHandler -- [Start] Flow 'simple' started at node 's'
02:26:13.137 [main] INFO com.flow.engine.handler.TaskNodeHandler -- [Task] Executing node 't' (T)
02:26:13.137 [main] INFO com.flow.engine.handler.EndNodeHandler -- [End] Flow 'simple' ending at node 'e'
02:26:13.137 [main] INFO com.flow.engine.service.FlowEngine -- ✔ Flow 'simple' completed successfully in 3 step(s)
]]></system-out>
  </testcase>
  <testcase name="customHandlerCanBeRegisteredAtRuntime" classname="com.flow.engine.FlowEngineTest" time="0.003">
    <system-out><![CDATA[02:26:13.138 [main] INFO com.flow.engine.service.FlowEngine -- FlowEngine initialized with 5 handler(s): [condition, task, log, start, end]
02:26:13.138 [main] INFO com.flow.engine.service.FlowEngine -- Registered handler for node type 'custom'
02:26:13.140 [main] INFO com.flow.engine.service.FlowEngine -- ▶ Starting flow 'custom-flow' (start node: 'c')
02:26:13.140 [main] INFO com.flow.engine.handler.EndNodeHandler -- [End] Flow 'custom-flow' ending at node 'e'
02:26:13.141 [main] INFO com.flow.engine.service.FlowEngine -- ✔ Flow 'custom-flow' completed successfully in 2 step(s)
]]></system-out>
  </testcase>
  <testcase name="executeOrderFlow_highAmount_goesManagerApproval" classname="com.flow.engine.FlowEngineTest" time="0.006">
    <system-out><![CDATA[02:26:13.142 [main] INFO com.flow.engine.service.FlowEngine -- FlowEngine initialized with 5 handler(s): [condition, task, log, start, end]
02:26:13.146 [main] INFO com.flow.engine.service.FlowEngine -- ▶ Starting flow 'order-flow' (start node: 'start')
02:26:13.147 [main] INFO com.flow.engine.handler.StartNodeHandler -- [Start] Flow 'order-flow' started at node 'start'
02:26:13.147 [main] INFO com.flow.engine.handler.TaskNodeHandler -- [Task] Executing node 'validate' (Validate Order)
02:26:13.147 [main] INFO com.flow.engine.handler.ConditionNodeHandler -- [Condition] Evaluating node 'check-amount' (Check Order Amount)
02:26:13.147 [main] INFO com.flow.engine.handler.ConditionNodeHandler -- [Condition] Branch matched: 'amount > 1000' → approve-manager
02:26:13.147 [main] INFO com.flow.engine.handler.TaskNodeHandler -- [Task] Executing node 'approve-manager' (Manager Approval)
02:26:13.147 [main] INFO com.flow.engine.handler.LogNodeHandler -- [Log] log-result: Order PENDING_APPROVAL by manager, amount: 2000
02:26:13.147 [main] INFO com.flow.engine.handler.EndNodeHandler -- [End] Flow 'order-flow' ending at node 'end'
02:26:13.147 [main] INFO com.flow.engine.service.FlowEngine -- ✔ Flow 'order-flow' completed successfully in 6 step(s)
]]></system-out>
  </testcase>
  <testcase name="executeOrderFlow_lowAmount_goesAutoApprove" classname="com.flow.engine.FlowEngineTest" time="0.005">
    <system-out><![CDATA[02:26:13.148 [main] INFO com.flow.engine.service.FlowEngine -- FlowEngine initialized with 5 handler(s): [condition, task, log, start, end]
02:26:13.152 [main] INFO com.flow.engine.service.FlowEngine -- ▶ Starting flow 'order-flow' (start node: 'start')
02:26:13.153 [main] INFO com.flow.engine.handler.StartNodeHandler -- [Start] Flow 'order-flow' started at node 'start'
02:26:13.153 [main] INFO com.flow.engine.handler.TaskNodeHandler -- [Task] Executing node 'validate' (Validate Order)
02:26:13.153 [main] INFO com.flow.engine.handler.ConditionNodeHandler -- [Condition] Evaluating node 'check-amount' (Check Order Amount)
02:26:13.153 [main] INFO com.flow.engine.handler.ConditionNodeHandler -- [Condition] Branch matched: 'amount <= 1000' → auto-approve
02:26:13.153 [main] INFO com.flow.engine.handler.TaskNodeHandler -- [Task] Executing node 'auto-approve' (Auto Approve)
02:26:13.153 [main] INFO com.flow.engine.handler.LogNodeHandler -- [Log] log-result: Order APPROVED by system, amount: 500
02:26:13.153 [main] INFO com.flow.engine.handler.EndNodeHandler -- [End] Flow 'order-flow' ending at node 'end'
02:26:13.153 [main] INFO com.flow.engine.service.FlowEngine -- ✔ Flow 'order-flow' completed successfully in 6 step(s)
]]></system-out>
  </testcase>
</testsuite>